2014-11-28 13:23:30,869 - Created '20' parsers.
2014-11-28 13:23:30,884 - Velocimacro : "velocimacro.library" is not set.  Trying default library: VM_global_library.vm
2014-11-28 13:23:30,884 - Velocity was not initialized! Calling init()...
2014-11-28 13:23:30,884 - Velocimacro : Default library not found.
2014-11-28 13:23:30,884 - Velocimacro : allowInline = true : VMs can be defined inline in templates
2014-11-28 13:23:30,884 - Velocimacro : allowInlineToOverride = false : VMs defined inline may NOT replace previous VM definitions
2014-11-28 13:23:30,884 - Velocimacro : allowInlineLocal = false : VMs defined inline will be global in scope if allowed.
2014-11-28 13:23:30,884 - Velocimacro : autoload off : VM system will not automatically reload global library macros
2014-11-28 13:23:30,915 - ResourceManager : found template/Service.java with loader org.apache.velocity.runtime.resource.loader.FileResourceLoader
2014-11-28 13:23:30,931 - ResourceManager : found template/ServiceImpl.java with loader org.apache.velocity.runtime.resource.loader.FileResourceLoader
2014-11-28 13:23:30,931 - ResourceManager : found template/Query.java with loader org.apache.velocity.runtime.resource.loader.FileResourceLoader
2014-11-28 13:23:30,931 - ResourceManager : found template/Action.java with loader org.apache.velocity.runtime.resource.loader.FileResourceLoader
2014-11-28 13:23:30,948 - ResourceManager : found template/ServiceTest.java with loader org.apache.velocity.runtime.resource.loader.FileResourceLoader
2014-11-28 13:23:30,948 - ResourceManager : found template/hbm.xml with loader org.apache.velocity.runtime.resource.loader.FileResourceLoader
2014-11-28 13:23:30,948 - ResourceManager : found template/Manager.xml with loader org.apache.velocity.runtime.resource.loader.FileResourceLoader
2014-11-28 13:23:30,948 - ResourceManager : found template/list.jsp with loader org.apache.velocity.runtime.resource.loader.FileResourceLoader
2014-11-28 13:23:30,963 - ResourceManager : found template/input.jsp with loader org.apache.velocity.runtime.resource.loader.FileResourceLoader
2014-11-28 13:24:38,967 - Log4JLogChute initialized using file 'velocity.log'
2014-11-28 13:24:38,967 - Velocity was not initialized! Calling init()...
2014-11-28 13:24:38,967 - Starting Apache Velocity v1.6.4 (compiled: 2010-04-27 15:31:23)
2014-11-28 13:24:38,967 - Default Properties File: org\apache\velocity\runtime\defaults\velocity.properties
2014-11-28 13:24:38,967 - Trying to use logger class org.apache.velocity.runtime.log.AvalonLogChute
2014-11-28 13:24:38,967 - Target log system for org.apache.velocity.runtime.log.AvalonLogChute is not available (java.lang.NoClassDefFoundError: org/apache/log/format/Formatter).  Falling back to next log system...
2014-11-28 13:24:38,967 - Trying to use logger class org.apache.velocity.runtime.log.Log4JLogChute
2014-11-28 13:24:38,967 - Using logger class org.apache.velocity.runtime.log.Log4JLogChute
2014-11-28 13:24:38,983 - ResourceLoader instantiated: org.apache.velocity.runtime.resource.loader.FileResourceLoader
2014-11-28 13:24:38,998 - Do unicode file recognition:  false
2014-11-28 13:24:38,998 - FileResourceLoader : adding path '.'
2014-11-28 13:24:39,030 - ResourceCache: initialized (class org.apache.velocity.runtime.resource.ResourceCacheImpl) with class java.util.Collections$SynchronizedMap cache map.
2014-11-28 13:24:39,030 - Loaded System Directive: org.apache.velocity.runtime.directive.Define
2014-11-28 13:24:39,030 - Loaded System Directive: org.apache.velocity.runtime.directive.Break
2014-11-28 13:24:39,030 - Loaded System Directive: org.apache.velocity.runtime.directive.Evaluate
2014-11-28 13:24:39,030 - Loaded System Directive: org.apache.velocity.runtime.directive.Literal
2014-11-28 13:24:39,045 - Loaded System Directive: org.apache.velocity.runtime.directive.Macro
2014-11-28 13:24:39,045 - Loaded System Directive: org.apache.velocity.runtime.directive.Parse
2014-11-28 13:24:39,045 - Loaded System Directive: org.apache.velocity.runtime.directive.Include
2014-11-28 13:24:39,045 - Loaded System Directive: org.apache.velocity.runtime.directive.Foreach
2014-11-28 13:24:39,061 - Velocity was not initialized! Calling init()...
2014-11-28 13:24:39,123 - Velocity was not initialized! Calling init()...
2014-11-28 13:24:39,139 - Velocity was not initialized! Calling init()...
2014-11-28 13:24:39,139 - Velocity was not initialized! Calling init()...
2014-11-28 13:24:39,139 - Velocity was not initialized! Calling init()...
2014-11-28 13:24:39,139 - Velocity was not initialized! Calling init()...
2014-11-28 13:24:39,139 - Velocity was not initialized! Calling init()...
2014-11-28 13:24:39,139 - Velocity was not initialized! Calling init()...
2014-11-28 13:24:39,139 - Velocity was not initialized! Calling init()...
2014-11-28 13:24:39,139 - Velocity was not initialized! Calling init()...
2014-11-28 13:24:39,139 - Velocity was not initialized! Calling init()...
2014-11-28 13:24:39,139 - Velocity was not initialized! Calling init()...
2014-11-28 13:24:39,139 - Velocity was not initialized! Calling init()...
2014-11-28 13:24:39,139 - Velocity was not initialized! Calling init()...
2014-11-28 13:24:39,139 - Velocity was not initialized! Calling init()...
2014-11-28 13:24:39,139 - Velocity was not initialized! Calling init()...
2014-11-28 13:24:39,139 - Velocity was not initialized! Calling init()...
2014-11-28 13:24:39,139 - Velocity was not initialized! Calling init()...
2014-11-28 13:24:39,139 - Velocity was not initialized! Calling init()...
2014-11-28 13:24:39,139 - Velocity was not initialized! Calling init()...
2014-11-28 13:24:39,139 - Created '20' parsers.
2014-11-28 13:24:39,155 - Velocimacro : "velocimacro.library" is not set.  Trying default library: VM_global_library.vm
2014-11-28 13:24:39,155 - Velocity was not initialized! Calling init()...
2014-11-28 13:24:39,155 - Velocimacro : Default library not found.
2014-11-28 13:24:39,155 - Velocimacro : allowInline = true : VMs can be defined inline in templates
2014-11-28 13:24:39,155 - Velocimacro : allowInlineToOverride = false : VMs defined inline may NOT replace previous VM definitions
2014-11-28 13:24:39,155 - Velocimacro : allowInlineLocal = false : VMs defined inline will be global in scope if allowed.
2014-11-28 13:24:39,155 - Velocimacro : autoload off : VM system will not automatically reload global library macros
2014-11-28 13:24:39,202 - ResourceManager : found template/Service.java with loader org.apache.velocity.runtime.resource.loader.FileResourceLoader
2014-11-28 13:24:39,202 - ResourceManager : found template/ServiceImpl.java with loader org.apache.velocity.runtime.resource.loader.FileResourceLoader
2014-11-28 13:24:39,202 - ResourceManager : found template/Query.java with loader org.apache.velocity.runtime.resource.loader.FileResourceLoader
2014-11-28 13:24:39,281 - ResourceManager : found template/Action.java with loader org.apache.velocity.runtime.resource.loader.FileResourceLoader
2014-11-28 13:24:39,296 - ResourceManager : found template/ServiceTest.java with loader org.apache.velocity.runtime.resource.loader.FileResourceLoader
2014-11-28 13:24:39,296 - ResourceManager : found template/hbm.xml with loader org.apache.velocity.runtime.resource.loader.FileResourceLoader
2014-11-28 13:24:39,296 - ResourceManager : found template/Manager.xml with loader org.apache.velocity.runtime.resource.loader.FileResourceLoader
2014-11-28 13:24:39,312 - ResourceManager : found template/list.jsp with loader org.apache.velocity.runtime.resource.loader.FileResourceLoader
2014-11-28 13:24:39,312 - Null reference [template 'template/list.jsp', line 45, column 23] : ${id} cannot be resolved.
2014-11-28 13:24:39,312 - Null reference [template 'template/list.jsp', line 46, column 11] : ${name} cannot be resolved.
2014-11-28 13:24:39,312 - Null reference [template 'template/list.jsp', line 48, column 72] : ${id} cannot be resolved.
2014-11-28 13:24:39,312 - Null reference [template 'template/list.jsp', line 50, column 91] : ${id} cannot be resolved.
2014-11-28 13:24:39,312 - ResourceManager : found template/input.jsp with loader org.apache.velocity.runtime.resource.loader.FileResourceLoader
2014-11-28 13:31:42,000 - Log4JLogChute initialized using file 'velocity.log'
2014-11-28 13:31:42,000 - Velocity was not initialized! Calling init()...
2014-11-28 13:31:42,000 - Starting Apache Velocity v1.6.4 (compiled: 2010-04-27 15:31:23)
2014-11-28 13:31:42,000 - Default Properties File: org\apache\velocity\runtime\defaults\velocity.properties
2014-11-28 13:31:42,000 - Trying to use logger class org.apache.velocity.runtime.log.AvalonLogChute
2014-11-28 13:31:42,000 - Target log system for org.apache.velocity.runtime.log.AvalonLogChute is not available (java.lang.NoClassDefFoundError: org/apache/log/format/Formatter).  Falling back to next log system...
2014-11-28 13:31:42,000 - Trying to use logger class org.apache.velocity.runtime.log.Log4JLogChute
2014-11-28 13:31:42,000 - Using logger class org.apache.velocity.runtime.log.Log4JLogChute
2014-11-28 13:31:42,015 - ResourceLoader instantiated: org.apache.velocity.runtime.resource.loader.FileResourceLoader
2014-11-28 13:31:42,015 - Do unicode file recognition:  false
2014-11-28 13:31:42,015 - FileResourceLoader : adding path '.'
2014-11-28 13:31:42,047 - ResourceCache: initialized (class org.apache.velocity.runtime.resource.ResourceCacheImpl) with class java.util.Collections$SynchronizedMap cache map.
2014-11-28 13:31:42,062 - Loaded System Directive: org.apache.velocity.runtime.directive.Define
2014-11-28 13:31:42,062 - Loaded System Directive: org.apache.velocity.runtime.directive.Break
2014-11-28 13:31:42,062 - Loaded System Directive: org.apache.velocity.runtime.directive.Evaluate
2014-11-28 13:31:42,062 - Loaded System Directive: org.apache.velocity.runtime.directive.Literal
2014-11-28 13:31:42,062 - Loaded System Directive: org.apache.velocity.runtime.directive.Macro
2014-11-28 13:31:42,078 - Loaded System Directive: org.apache.velocity.runtime.directive.Parse
2014-11-28 13:31:42,078 - Loaded System Directive: org.apache.velocity.runtime.directive.Include
2014-11-28 13:31:42,078 - Loaded System Directive: org.apache.velocity.runtime.directive.Foreach
2014-11-28 13:31:42,078 - Velocity was not initialized! Calling init()...
2014-11-28 13:31:42,156 - Velocity was not initialized! Calling init()...
2014-11-28 13:31:42,156 - Velocity was not initialized! Calling init()...
2014-11-28 13:31:42,156 - Velocity was not initialized! Calling init()...
2014-11-28 13:31:42,156 - Velocity was not initialized! Calling init()...
2014-11-28 13:31:42,156 - Velocity was not initialized! Calling init()...
2014-11-28 13:31:42,156 - Velocity was not initialized! Calling init()...
2014-11-28 13:31:42,156 - Velocity was not initialized! Calling init()...
2014-11-28 13:31:42,156 - Velocity was not initialized! Calling init()...
2014-11-28 13:31:42,156 - Velocity was not initialized! Calling init()...
2014-11-28 13:31:42,156 - Velocity was not initialized! Calling init()...
2014-11-28 13:31:42,156 - Velocity was not initialized! Calling init()...
2014-11-28 13:31:42,156 - Velocity was not initialized! Calling init()...
2014-11-28 13:31:42,156 - Velocity was not initialized! Calling init()...
2014-11-28 13:31:42,156 - Velocity was not initialized! Calling init()...
2014-11-28 13:31:42,156 - Velocity was not initialized! Calling init()...
2014-11-28 13:31:42,156 - Velocity was not initialized! Calling init()...
2014-11-28 13:31:42,156 - Velocity was not initialized! Calling init()...
2014-11-28 13:31:42,156 - Velocity was not initialized! Calling init()...
2014-11-28 13:31:42,156 - Velocity was not initialized! Calling init()...
2014-11-28 13:31:42,156 - Created '20' parsers.
2014-11-28 13:31:42,172 - Velocimacro : "velocimacro.library" is not set.  Trying default library: VM_global_library.vm
2014-11-28 13:31:42,172 - Velocity was not initialized! Calling init()...
2014-11-28 13:31:42,172 - Velocimacro : Default library not found.
2014-11-28 13:31:42,172 - Velocimacro : allowInline = true : VMs can be defined inline in templates
2014-11-28 13:31:42,172 - Velocimacro : allowInlineToOverride = false : VMs defined inline may NOT replace previous VM definitions
2014-11-28 13:31:42,172 - Velocimacro : allowInlineLocal = false : VMs defined inline will be global in scope if allowed.
2014-11-28 13:31:42,172 - Velocimacro : autoload off : VM system will not automatically reload global library macros
2014-11-28 13:31:42,203 - ResourceManager : found template/Service.java with loader org.apache.velocity.runtime.resource.loader.FileResourceLoader
2014-11-28 13:31:42,220 - ResourceManager : found template/ServiceImpl.java with loader org.apache.velocity.runtime.resource.loader.FileResourceLoader
2014-11-28 13:31:42,220 - ResourceManager : found template/Query.java with loader org.apache.velocity.runtime.resource.loader.FileResourceLoader
2014-11-28 13:31:42,236 - ResourceManager : found template/Action.java with loader org.apache.velocity.runtime.resource.loader.FileResourceLoader
2014-11-28 13:31:42,236 - ResourceManager : found template/ServiceTest.java with loader org.apache.velocity.runtime.resource.loader.FileResourceLoader
2014-11-28 13:31:42,236 - ResourceManager : found template/hbm.xml with loader org.apache.velocity.runtime.resource.loader.FileResourceLoader
2014-11-28 13:31:42,236 - ResourceManager : found template/Manager.xml with loader org.apache.velocity.runtime.resource.loader.FileResourceLoader
2014-11-28 13:31:42,236 - ResourceManager : found template/list.jsp with loader org.apache.velocity.runtime.resource.loader.FileResourceLoader
2014-11-28 13:31:42,252 - ResourceManager : found template/input.jsp with loader org.apache.velocity.runtime.resource.loader.FileResourceLoader
